-------------------------------------------------------------------------------
Test set: com.example.selenium.SeleniumApplicationTests
-------------------------------------------------------------------------------
Tests run: 1, Failures: 0, Errors: 1, Skipped: 0, Time elapsed: 8.276 s <<< FAILURE! - in com.example.selenium.SeleniumApplicationTests
contextLoads(com.example.selenium.SeleniumApplicationTests)  Time elapsed: 0.005 s  <<< ERROR!
java.lang.IllegalStateException: Failed to load ApplicationContext
Caused by: org.springframework.beans.factory.BeanCreationException: Error creating bean with name 'requestMappingHandlerMapping' defined in class path resource [org/springframework/boot/autoconfigure/web/servlet/WebMvcAutoConfiguration$EnableWebMvcConfiguration.class]: Invocation of init method failed; nested exception is java.lang.IllegalStateException: Invalid mapping on handler class [com.example.selenium.web.JmeterController]: public java.lang.String com.example.selenium.web.JmeterController.testGet(java.lang.String)
Caused by: java.lang.IllegalStateException: Invalid mapping on handler class [com.example.selenium.web.JmeterController]: public java.lang.String com.example.selenium.web.JmeterController.testGet(java.lang.String)
Caused by: java.lang.IllegalArgumentException: Could not resolve placeholder 'name' in value "/get/${name}"

